<?xml version="1.0" encoding="UTF-8"?>
<!-- Generated by org.testng.reporters.JUnitReportReporter -->
<testsuite hostname="Sambit" failures="0" tests="7" name="com.tests.IndexPageTest" time="26.054" errors="0" timestamp="2024-12-29T19:40:15 IST" skipped="0">
  <testcase classname="com.tests.IndexPageTest" name="Test1" time="0.390"/>
  <system-out/>
  <testcase classname="com.tests.IndexPageTest" name="validateSignup" time="4.759"/>
  <system-out/>
  <testcase classname="com.tests.IndexPageTest" name="validateLogin" time="4.564"/>
  <system-out/>
  <testcase classname="com.tests.IndexPageTest" name="testCategoriesAndOptions" time="0.165"/>
  <system-out/>
  <testcase classname="com.tests.IndexPageTest" name="testAddProductToCart" time="3.891"/>
  <system-out/>
  <testcase classname="com.tests.IndexPageTest" name="clickOnCart" time="7.410"/>
  <system-out/>
  <testcase classname="com.tests.IndexPageTest" name="OrderDetails" time="4.875"/>
  <system-out/>
</testsuite> <!-- com.tests.IndexPageTest -->
