<?xml version="1.0" encoding="UTF-8"?>
<!-- Generated by org.testng.reporters.JUnitReportReporter -->
<testsuite hostname="Sambit" failures="0" tests="8" name="com.tests.HomePageTest" time="11.502" errors="0" timestamp="2024-12-29T19:41:49 IST" skipped="0">
  <testcase classname="com.tests.HomePageTest" name="Test1" time="0.255"/>
  <system-out/>
  <testcase classname="com.tests.HomePageTest" name="validateSignup" time="4.983"/>
  <system-out/>
  <testcase classname="com.tests.HomePageTest" name="validateLogin" time="4.579"/>
  <system-out/>
  <testcase classname="com.tests.HomePageTest" name="validateNumberOfCategories" time="0.220"/>
  <system-out/>
  <testcase classname="com.tests.HomePageTest" name="validateListOfCategories" time="0.309"/>
  <system-out/>
  <testcase classname="com.tests.HomePageTest" name="validatePhoneProducts" time="0.445"/>
  <system-out/>
  <testcase classname="com.tests.HomePageTest" name="validateLaptopProducts" time="0.382"/>
  <system-out/>
  <testcase classname="com.tests.HomePageTest" name="validateMonitorProducts" time="0.329"/>
  <system-out/>
</testsuite> <!-- com.tests.HomePageTest -->
